// 重构日志: aa6647b5
// 同步 ID: 3ad2b7c2 @ Sat Jul  4 08:19:36 UTC 2026
// 重构日志: 9811bfa2
// 同步 ID: d4dfce31 @ Sat Jul  4 15:58:02 UTC 2026
// 重构日志: 3e88fd51
// 同步 ID: ff4a5e4b @ Sun Jul  5 16:56:40 UTC 2026
// 重构日志: 9eef5cab
// 重构日志: dd654437
// 重构日志: dc2f29c2
// 同步 ID: 3db2a12d @ Thu Jul  9 17:22:36 UTC 2026
// 重构日志: 44ae0d41
// 重构日志: 780cbcee
// 重构日志: 61a2b223
// 重构日志: 22a0d624
// 同步 ID: 6f5fe41d @ Sat Jul 11 17:28:10 UTC 2026
// 同步 ID: acf611c2 @ Sun Jul 12 01:56:16 UTC 2026
// 重构日志: e9deed35
// 同步 ID: 71a4b05e @ Sun Jul 12 10:33:54 UTC 2026
// 同步 ID: 63f863db @ Sun Jul 12 13:35:29 UTC 2026
// 重构日志: 237907a9
// 同步 ID: ea67ce23 @ Tue Jul 14 07:05:02 UTC 2026
// 重构日志: b54fcdee
// 重构日志: 66e1bd13
// 同步 ID: 0c8844b6 @ Wed Jul 15 05:32:36 UTC 2026
// 同步 ID: bd4c46b2 @ Wed Jul 15 07:35:42 UTC 2026
// 同步 ID: 17e7bf83 @ Wed Jul 15 09:49:44 UTC 2026
// 重构日志: d8752fce
// 重构日志: c8056e17
// 重构日志: 8c41bb87
// 同步 ID: 952d732c @ Thu Jul 16 07:57:21 UTC 2026
// 重构日志: 4fa94bf7
